Build started 7/23/2012 7:29:30 AM.
     1>Project "C:\Users\Yojan\documents\visual studio 2012\Projects\SampleSFML_w_f\SampleSFML_w_f\SampleSFML_w_f.vcxproj" on node 2 (Build target(s)).
         C:\Program Files\Microsoft Visual Studio 11.0\VC\bin\CL.exe /c /ZI /nologo /W3 /WX- /Od /Oy- /D _MBCS /Gm /EHsc /RTC1 /MDd /GS /fp:precise /Zc:wchar_t /Zc:forScope /Fo"Debug\\" /Fd"Debug\vc110.pdb" /Gd /TP /analyze- /errorReport:prompt PlayerPaddle.cpp VisibleGameObject.cpp game.cpp
         game.cpp
         VisibleGameObject.cpp
     1>c:\users\yojan\documents\visual studio 2012\projects\samplesfml_w_f\samplesfml_w_f\playerpaddle.h(7): error C2504: 'VisibleGameObject' : base class undefined
         PlayerPaddle.cpp
     1>c:\users\yojan\documents\visual studio 2012\projects\samplesfml_w_f\samplesfml_w_f\game.h(25): error C2146: syntax error : missing ';' before identifier '_player1'
     1>c:\users\yojan\documents\visual studio 2012\projects\samplesfml_w_f\samplesfml_w_f\game.h(25): error C4430: missing type specifier - int assumed. Note: C++ does not support default-int
         Generating Code...
     1>Done Building Project "C:\Users\Yojan\documents\visual studio 2012\Projects\SampleSFML_w_f\SampleSFML_w_f\SampleSFML_w_f.vcxproj" (Build target(s)) -- FAILED.

Build FAILED.

Time Elapsed 00:00:03.50
